  Project - Inheritance & polymorphism.cpp
C:\CS217\Project3\CS217-OOP\Project - Inheritance & polymorphism\Project - Inheritance & polymorphism\Project - Inheritance & polymorphism.cpp(145,24): warning C4244: '=': conversion from 'int' to 'float', possible loss of data
C:\CS217\Project3\CS217-OOP\Project - Inheritance & polymorphism\Project - Inheritance & polymorphism\Project - Inheritance & polymorphism.cpp(157,24): warning C4244: '=': conversion from 'int' to 'float', possible loss of data
C:\CS217\Project3\CS217-OOP\Project - Inheritance & polymorphism\Project - Inheritance & polymorphism\Project - Inheritance & polymorphism.cpp(234,24): warning C4244: '=': conversion from 'int' to 'float', possible loss of data
C:\CS217\Project3\CS217-OOP\Project - Inheritance & polymorphism\Project - Inheritance & polymorphism\Project - Inheritance & polymorphism.cpp(296,23): warning C4244: '=': conversion from 'int' to 'float', possible loss of data
C:\CS217\Project3\CS217-OOP\Project - Inheritance & polymorphism\Project - Inheritance & polymorphism\Project - Inheritance & polymorphism.cpp(302,24): warning C4244: '=': conversion from 'int' to 'float', possible loss of data
C:\CS217\Project3\CS217-OOP\Project - Inheritance & polymorphism\Project - Inheritance & polymorphism\Project - Inheritance & polymorphism.cpp(305,19): warning C4244: 'argument': conversion from 'float' to 'const unsigned __int64', possible loss of data
C:\CS217\Project3\CS217-OOP\Project - Inheritance & polymorphism\Project - Inheritance & polymorphism\Project - Inheritance & polymorphism.cpp(306,35): warning C4244: 'argument': conversion from 'float' to 'const __int64', possible loss of data
C:\CS217\Project3\CS217-OOP\Project - Inheritance & polymorphism\Project - Inheritance & polymorphism\Project - Inheritance & polymorphism.cpp(317,25): warning C4267: 'argument': conversion from 'size_t' to 'int', possible loss of data
C:\CS217\Project3\CS217-OOP\Project - Inheritance & polymorphism\Project - Inheritance & polymorphism\Project - Inheritance & polymorphism.cpp(331,23): warning C4244: '=': conversion from 'int' to 'float', possible loss of data
C:\CS217\Project3\CS217-OOP\Project - Inheritance & polymorphism\Project - Inheritance & polymorphism\Project - Inheritance & polymorphism.cpp(347,23): warning C4244: '=': conversion from 'int' to 'float', possible loss of data
C:\CS217\Project3\CS217-OOP\Project - Inheritance & polymorphism\Project - Inheritance & polymorphism\Project - Inheritance & polymorphism.cpp(375,34): warning C4305: 'argument': truncation from 'double' to 'float'
C:\CS217\Project3\CS217-OOP\Project - Inheritance & polymorphism\Project - Inheritance & polymorphism\Project - Inheritance & polymorphism.cpp(377,43): warning C4305: 'argument': truncation from 'double' to 'float'
C:\CS217\Project3\CS217-OOP\Project - Inheritance & polymorphism\Project - Inheritance & polymorphism\Project - Inheritance & polymorphism.cpp(377,38): warning C4305: 'argument': truncation from 'double' to 'float'
C:\CS217\Project3\CS217-OOP\Project - Inheritance & polymorphism\Project - Inheritance & polymorphism\Project - Inheritance & polymorphism.cpp(379,36): warning C4305: 'argument': truncation from 'double' to 'float'
C:\CS217\Project3\CS217-OOP\Project - Inheritance & polymorphism\Project - Inheritance & polymorphism\Project - Inheritance & polymorphism.cpp(381,34): warning C4305: 'argument': truncation from 'double' to 'float'
C:\CS217\Project3\CS217-OOP\Project - Inheritance & polymorphism\Project - Inheritance & polymorphism\Project - Inheritance & polymorphism.cpp(383,41): warning C4305: 'argument': truncation from 'double' to 'float'
C:\CS217\Project3\CS217-OOP\Project - Inheritance & polymorphism\Project - Inheritance & polymorphism\Project - Inheritance & polymorphism.cpp(383,36): warning C4305: 'argument': truncation from 'double' to 'float'
C:\CS217\Project3\CS217-OOP\Project - Inheritance & polymorphism\Project - Inheritance & polymorphism\Project - Inheritance & polymorphism.cpp(259,21): warning C4390: ';': empty controlled statement found; is this the intent?
C:\CS217\Project3\CS217-OOP\Project - Inheritance & polymorphism\Project - Inheritance & polymorphism\Project - Inheritance & polymorphism.cpp(514,24): warning C4267: 'argument': conversion from 'size_t' to 'int', possible loss of data
C:\CS217\Project3\CS217-OOP\Project - Inheritance & polymorphism\Project - Inheritance & polymorphism\Project - Inheritance & polymorphism.cpp(518,24): warning C4267: 'argument': conversion from 'size_t' to 'int', possible loss of data
C:\CS217\Project3\CS217-OOP\Project - Inheritance & polymorphism\Project - Inheritance & polymorphism\Project - Inheritance & polymorphism.cpp(522,24): warning C4267: 'argument': conversion from 'size_t' to 'int', possible loss of data
C:\CS217\Project3\CS217-OOP\Project - Inheritance & polymorphism\Project - Inheritance & polymorphism\Project - Inheritance & polymorphism.cpp(526,24): warning C4267: 'argument': conversion from 'size_t' to 'int', possible loss of data
C:\CS217\Project3\CS217-OOP\Project - Inheritance & polymorphism\Project - Inheritance & polymorphism\Project - Inheritance & polymorphism.cpp(530,24): warning C4267: 'argument': conversion from 'size_t' to 'int', possible loss of data
C:\CS217\Project3\CS217-OOP\Project - Inheritance & polymorphism\Project - Inheritance & polymorphism\Project - Inheritance & polymorphism.cpp(534,24): warning C4267: 'argument': conversion from 'size_t' to 'int', possible loss of data
C:\CS217\Project3\CS217-OOP\Project - Inheritance & polymorphism\Project - Inheritance & polymorphism\Project - Inheritance & polymorphism.cpp(538,24): warning C4267: 'argument': conversion from 'size_t' to 'int', possible loss of data
C:\CS217\Project3\CS217-OOP\Project - Inheritance & polymorphism\Project - Inheritance & polymorphism\Project - Inheritance & polymorphism.cpp(620,8): warning C4267: 'initializing': conversion from 'size_t' to 'int', possible loss of data
C:\CS217\Project3\CS217-OOP\Project - Inheritance & polymorphism\Project - Inheritance & polymorphism\Project - Inheritance & polymorphism.cpp(635,8): warning C4267: 'initializing': conversion from 'size_t' to 'int', possible loss of data
C:\CS217\Project3\CS217-OOP\Project - Inheritance & polymorphism\Project - Inheritance & polymorphism\Project - Inheritance & polymorphism.cpp(578,11): warning C4267: 'initializing': conversion from 'size_t' to 'int', possible loss of data
C:\CS217\Project3\CS217-OOP\Project - Inheritance & polymorphism\Project - Inheritance & polymorphism\Project - Inheritance & polymorphism.cpp(421,19): message : see reference to function template instantiation 'int binarySearch2D<Shape2D>(float,const std::vector<Shape2D *,std::allocator<Shape2D *>> &)' being compiled
C:\CS217\Project3\CS217-OOP\Project - Inheritance & polymorphism\Project - Inheritance & polymorphism\Project - Inheritance & polymorphism.cpp(601,11): warning C4267: 'initializing': conversion from 'size_t' to 'int', possible loss of data
C:\CS217\Project3\CS217-OOP\Project - Inheritance & polymorphism\Project - Inheritance & polymorphism\Project - Inheritance & polymorphism.cpp(481,19): message : see reference to function template instantiation 'int binarySearch3D<Shape3D>(float,const std::vector<Shape3D *,std::allocator<Shape3D *>> &)' being compiled
  Project - Inheritance & polymorphism.vcxproj -> C:\CS217\Project3\CS217-OOP\Project - Inheritance & polymorphism\x64\Debug\Project - Inheritance & polymorphism.exe
