c:\cs217\project3\cs217-oop\project - inheritance & polymorphism\project - inheritance & polymorphism\x64\debug\vc143.pdb
c:\cs217\project3\cs217-oop\project - inheritance & polymorphism\project - inheritance & polymorphism\x64\debug\vc143.idb
c:\cs217\project3\cs217-oop\project - inheritance & polymorphism\project - inheritance & polymorphism\x64\debug\shapes.obj
c:\cs217\project3\cs217-oop\project - inheritance & polymorphism\project - inheritance & polymorphism\x64\debug\project - inheritance & polymorphism.obj
c:\cs217\project3\cs217-oop\project - inheritance & polymorphism\x64\debug\project - inheritance & polymorphism.pdb
c:\cs217\project3\cs217-oop\project - inheritance & polymorphism\project - inheritance & polymorphism\x64\debug\project .c58bf25e.tlog\cl.command.1.tlog
c:\cs217\project3\cs217-oop\project - inheritance & polymorphism\project - inheritance & polymorphism\x64\debug\project .c58bf25e.tlog\cl.items.tlog
c:\cs217\project3\cs217-oop\project - inheritance & polymorphism\project - inheritance & polymorphism\x64\debug\project .c58bf25e.tlog\cl.read.1.tlog
c:\cs217\project3\cs217-oop\project - inheritance & polymorphism\project - inheritance & polymorphism\x64\debug\project .c58bf25e.tlog\cl.write.1.tlog
c:\cs217\project3\cs217-oop\project - inheritance & polymorphism\project - inheritance & polymorphism\x64\debug\project .c58bf25e.tlog\link-cvtres.read.1.tlog
c:\cs217\project3\cs217-oop\project - inheritance & polymorphism\project - inheritance & polymorphism\x64\debug\project .c58bf25e.tlog\link-cvtres.write.1.tlog
c:\cs217\project3\cs217-oop\project - inheritance & polymorphism\project - inheritance & polymorphism\x64\debug\project .c58bf25e.tlog\link-rc.read.1.tlog
c:\cs217\project3\cs217-oop\project - inheritance & polymorphism\project - inheritance & polymorphism\x64\debug\project .c58bf25e.tlog\link-rc.write.1.tlog
c:\cs217\project3\cs217-oop\project - inheritance & polymorphism\project - inheritance & polymorphism\x64\debug\project .c58bf25e.tlog\link.35604-cvtres.read.1.tlog
c:\cs217\project3\cs217-oop\project - inheritance & polymorphism\project - inheritance & polymorphism\x64\debug\project .c58bf25e.tlog\link.35604-cvtres.write.1.tlog
c:\cs217\project3\cs217-oop\project - inheritance & polymorphism\project - inheritance & polymorphism\x64\debug\project .c58bf25e.tlog\link.35604-rc.read.1.tlog
c:\cs217\project3\cs217-oop\project - inheritance & polymorphism\project - inheritance & polymorphism\x64\debug\project .c58bf25e.tlog\link.35604-rc.write.1.tlog
c:\cs217\project3\cs217-oop\project - inheritance & polymorphism\project - inheritance & polymorphism\x64\debug\project .c58bf25e.tlog\link.35604.read.1.tlog
c:\cs217\project3\cs217-oop\project - inheritance & polymorphism\project - inheritance & polymorphism\x64\debug\project .c58bf25e.tlog\link.35604.read.2.tlog
c:\cs217\project3\cs217-oop\project - inheritance & polymorphism\project - inheritance & polymorphism\x64\debug\project .c58bf25e.tlog\link.35604.read.3.tlog
c:\cs217\project3\cs217-oop\project - inheritance & polymorphism\project - inheritance & polymorphism\x64\debug\project .c58bf25e.tlog\link.35604.read.4.tlog
c:\cs217\project3\cs217-oop\project - inheritance & polymorphism\project - inheritance & polymorphism\x64\debug\project .c58bf25e.tlog\link.35604.write.1.tlog
c:\cs217\project3\cs217-oop\project - inheritance & polymorphism\project - inheritance & polymorphism\x64\debug\project .c58bf25e.tlog\link.command.1.tlog
c:\cs217\project3\cs217-oop\project - inheritance & polymorphism\project - inheritance & polymorphism\x64\debug\project .c58bf25e.tlog\link.read.1.tlog
c:\cs217\project3\cs217-oop\project - inheritance & polymorphism\project - inheritance & polymorphism\x64\debug\project .c58bf25e.tlog\link.read.2.tlog
c:\cs217\project3\cs217-oop\project - inheritance & polymorphism\project - inheritance & polymorphism\x64\debug\project .c58bf25e.tlog\link.read.3.tlog
c:\cs217\project3\cs217-oop\project - inheritance & polymorphism\project - inheritance & polymorphism\x64\debug\project .c58bf25e.tlog\link.read.4.tlog
c:\cs217\project3\cs217-oop\project - inheritance & polymorphism\project - inheritance & polymorphism\x64\debug\project .c58bf25e.tlog\link.write.1.tlog
